# JRE version: Java(TM) SE Runtime Environment (8.0_202-b08) (build 1.8.0_202-b08)
# Java VM: Java HotSpot(TM) 64-Bit Server VM (25.202-b08 mixed mode windows-amd64 compressed oops)
Heap:
 PSYoungGen      total 117760K, used 61864K [0x00000000eb900000, 0x00000000f4f80000, 0x0000000100000000)
  eden space 92672K, 39% used [0x00000000eb900000,0x00000000edcf0ba8,0x00000000f1380000)
  from space 25088K, 99% used [0x00000000f3000000,0x00000000f4879720,0x00000000f4880000)
  to   space 29184K, 0% used [0x00000000f1380000,0x00000000f1380000,0x00000000f3000000)
 ParOldGen       total 92672K, used 43607K [0x00000000c2a00000, 0x00000000c8480000, 0x00000000eb900000)
  object space 92672K, 47% used [0x00000000c2a00000,0x00000000c5495d30,0x00000000c8480000)
 Metaspace       used 56317K, capacity 57549K, committed 57768K, reserved 1099776K
  class space    used 6717K, capacity 7053K, committed 7088K, reserved 1048576K
GC Heap History (10 events):
Event: 4.533 GC heap before
{Heap before GC invocations=10 (full 1):
 PSYoungGen      total 77312K, used 52063K [0x00000000eb900000, 0x00000000f3980000, 0x0000000100000000)
  eden space 64000K, 60% used [0x00000000eb900000,0x00000000eded8c48,0x00000000ef780000)
  from space 13312K, 99% used [0x00000000f0a80000,0x00000000f177f158,0x00000000f1780000)
  to   space 19456K, 0% used [0x00000000ef780000,0x00000000ef780000,0x00000000f0a80000)
 ParOldGen       total 51200K, used 24993K [0x00000000c2a00000, 0x00000000c5c00000, 0x00000000eb900000)
  object space 51200K, 48% used [0x00000000c2a00000,0x00000000c4268638,0x00000000c5c00000)
 Metaspace       used 34563K, capacity 35237K, committed 35496K, reserved 1079296K
  class space    used 4473K, capacity 4681K, committed 4784K, reserved 1048576K
Event: 4.553 GC heap after
Heap after GC invocations=10 (full 1):
 PSYoungGen      total 83456K, used 19435K [0x00000000eb900000, 0x00000000f3b80000, 0x0000000100000000)
  eden space 64000K, 0% used [0x00000000eb900000,0x00000000eb900000,0x00000000ef780000)
  from space 19456K, 99% used [0x00000000ef780000,0x00000000f0a7ac70,0x00000000f0a80000)
  to   space 24064K, 0% used [0x00000000f2400000,0x00000000f2400000,0x00000000f3b80000)
 ParOldGen       total 51200K, used 29347K [0x00000000c2a00000, 0x00000000c5c00000, 0x00000000eb900000)
  object space 51200K, 57% used [0x00000000c2a00000,0x00000000c46a8f48,0x00000000c5c00000)
 Metaspace       used 34563K, capacity 35237K, committed 35496K, reserved 1079296K
  class space    used 4473K, capacity 4681K, committed 4784K, reserved 1048576K
}
Event: 4.553 GC heap before
{Heap before GC invocations=11 (full 2):
 PSYoungGen      total 83456K, used 19435K [0x00000000eb900000, 0x00000000f3b80000, 0x0000000100000000)
  eden space 64000K, 0% used [0x00000000eb900000,0x00000000eb900000,0x00000000ef780000)
  from space 19456K, 99% used [0x00000000ef780000,0x00000000f0a7ac70,0x00000000f0a80000)
  to   space 24064K, 0% used [0x00000000f2400000,0x00000000f2400000,0x00000000f3b80000)
 ParOldGen       total 51200K, used 29347K [0x00000000c2a00000, 0x00000000c5c00000, 0x00000000eb900000)
  object space 51200K, 57% used [0x00000000c2a00000,0x00000000c46a8f48,0x00000000c5c00000)
 Metaspace       used 34563K, capacity 35237K, committed 35496K, reserved 1079296K
  class space    used 4473K, capacity 4681K, committed 4784K, reserved 1048576K
Event: 4.696 GC heap after
Heap after GC invocations=11 (full 2):
 PSYoungGen      total 83456K, used 0K [0x00000000eb900000, 0x00000000f3b80000, 0x0000000100000000)
  eden space 64000K, 0% used [0x00000000eb900000,0x00000000eb900000,0x00000000ef780000)
  from space 19456K, 0% used [0x00000000ef780000,0x00000000ef780000,0x00000000f0a80000)
  to   space 24064K, 0% used [0x00000000f2400000,0x00000000f2400000,0x00000000f3b80000)
 ParOldGen       total 92672K, used 42164K [0x00000000c2a00000, 0x00000000c8480000, 0x00000000eb900000)
  object space 92672K, 45% used [0x00000000c2a00000,0x00000000c532d330,0x00000000c8480000)
 Metaspace       used 34563K, capacity 35237K, committed 35496K, reserved 1079296K
  class space    used 4473K, capacity 4681K, committed 4784K, reserved 1048576K
}
Event: 6.359 GC heap before
{Heap before GC invocations=12 (full 2):
 PSYoungGen      total 83456K, used 64000K [0x00000000eb900000, 0x00000000f3b80000, 0x0000000100000000)
  eden space 64000K, 100% used [0x00000000eb900000,0x00000000ef780000,0x00000000ef780000)
  from space 19456K, 0% used [0x00000000ef780000,0x00000000ef780000,0x00000000f0a80000)
  to   space 24064K, 0% used [0x00000000f2400000,0x00000000f2400000,0x00000000f3b80000)
 ParOldGen       total 92672K, used 42164K [0x00000000c2a00000, 0x00000000c8480000, 0x00000000eb900000)
  object space 92672K, 45% used [0x00000000c2a00000,0x00000000c532d330,0x00000000c8480000)
 Metaspace       used 46688K, capacity 47663K, committed 48040K, reserved 1091584K
  class space    used 5942K, capacity 6216K, committed 6320K, reserved 1048576K
Event: 6.379 GC heap after
Heap after GC invocations=12 (full 2):
 PSYoungGen      total 98304K, used 16364K [0x00000000eb900000, 0x00000000f3680000, 0x0000000100000000)
  eden space 79360K, 0% used [0x00000000eb900000,0x00000000eb900000,0x00000000f0680000)
  from space 18944K, 86% used [0x00000000f2400000,0x00000000f33fb218,0x00000000f3680000)
  to   space 24576K, 0% used [0x00000000f0680000,0x00000000f0680000,0x00000000f1e80000)
 ParOldGen       total 92672K, used 42172K [0x00000000c2a00000, 0x00000000c8480000, 0x00000000eb900000)
  object space 92672K, 45% used [0x00000000c2a00000,0x00000000c532f330,0x00000000c8480000)
 Metaspace       used 46688K, capacity 47663K, committed 48040K, reserved 1091584K
  class space    used 5942K, capacity 6216K, committed 6320K, reserved 1048576K
}
Event: 7.974 GC heap before
{Heap before GC invocations=13 (full 2):
 PSYoungGen      total 98304K, used 95724K [0x00000000eb900000, 0x00000000f3680000, 0x0000000100000000)
  eden space 79360K, 100% used [0x00000000eb900000,0x00000000f0680000,0x00000000f0680000)
  from space 18944K, 86% used [0x00000000f2400000,0x00000000f33fb218,0x00000000f3680000)
  to   space 24576K, 0% used [0x00000000f0680000,0x00000000f0680000,0x00000000f1e80000)
 ParOldGen       total 92672K, used 42172K [0x00000000c2a00000, 0x00000000c8480000, 0x00000000eb900000)
  object space 92672K, 45% used [0x00000000c2a00000,0x00000000c532f330,0x00000000c8480000)
 Metaspace       used 49980K, capacity 51101K, committed 51368K, reserved 1093632K
  class space    used 6175K, capacity 6481K, committed 6576K, reserved 1048576K
Event: 7.996 GC heap after
Heap after GC invocations=13 (full 2):
 PSYoungGen      total 103936K, used 15724K [0x00000000eb900000, 0x00000000f4880000, 0x0000000100000000)
  eden space 79360K, 0% used [0x00000000eb900000,0x00000000eb900000,0x00000000f0680000)
  from space 24576K, 63% used [0x00000000f0680000,0x00000000f15db218,0x00000000f1e80000)
  to   space 25088K, 0% used [0x00000000f3000000,0x00000000f3000000,0x00000000f4880000)
 ParOldGen       total 92672K, used 42180K [0x00000000c2a00000, 0x00000000c8480000, 0x00000000eb900000)
  object space 92672K, 45% used [0x00000000c2a00000,0x00000000c5331330,0x00000000c8480000)
 Metaspace       used 49980K, capacity 51101K, committed 51368K, reserved 1093632K
  class space    used 6175K, capacity 6481K, committed 6576K, reserved 1048576K
}
Event: 10.620 GC heap before
{Heap before GC invocations=14 (full 2):
 PSYoungGen      total 103936K, used 95084K [0x00000000eb900000, 0x00000000f4880000, 0x0000000100000000)
  eden space 79360K, 100% used [0x00000000eb900000,0x00000000f0680000,0x00000000f0680000)
  from space 24576K, 63% used [0x00000000f0680000,0x00000000f15db218,0x00000000f1e80000)
  to   space 25088K, 0% used [0x00000000f3000000,0x00000000f3000000,0x00000000f4880000)
 ParOldGen       total 92672K, used 42180K [0x00000000c2a00000, 0x00000000c8480000, 0x00000000eb900000)
  object space 92672K, 45% used [0x00000000c2a00000,0x00000000c5331330,0x00000000c8480000)
 Metaspace       used 54311K, capacity 55497K, committed 55720K, reserved 1097728K
  class space    used 6498K, capacity 6805K, committed 6832K, reserved 1048576K
Event: 10.669 GC heap after
Heap after GC invocations=14 (full 2):
 PSYoungGen      total 117760K, used 25061K [0x00000000eb900000, 0x00000000f4f80000, 0x0000000100000000)
  eden space 92672K, 0% used [0x00000000eb900000,0x00000000eb900000,0x00000000f1380000)
  from space 25088K, 99% used [0x00000000f3000000,0x00000000f4879720,0x00000000f4880000)
  to   space 29184K, 0% used [0x00000000f1380000,0x00000000f1380000,0x00000000f3000000)
 ParOldGen       total 92672K, used 43607K [0x00000000c2a00000, 0x00000000c8480000, 0x00000000eb900000)
  object space 92672K, 47% used [0x00000000c2a00000,0x00000000c5495d30,0x00000000c8480000)
 Metaspace       used 54311K, capacity 55497K, committed 55720K, reserved 1097728K
  class space    used 6498K, capacity 6805K, committed 6832K, reserved 1048576K
}

